<?xml version="1.0" encoding="UTF-8"?>
<!-- Generated by org.testng.reporters.JUnitReportReporter -->
<testsuite name="annotation.ClassB" tests="2" time="0.010" ignored="0" failures="0" timestamp="08 Dec 2020 23:56:32 GMT" skipped="0" hostname="IHL-8F1RYX1" errors="0">
  <testcase name="method10" time="0.002" classname="annotation.ClassB"/>
  <testcase name="method1" time="0.008" classname="annotation.ClassB"/>
</testsuite> <!-- annotation.ClassB -->
