<?xml version="1.0" encoding="UTF-8"?>
<!-- Generated by org.testng.reporters.JUnitReportReporter -->
<testsuite name="in.amazon.tests.TestLogin" tests="3" time="137.082" ignored="0" failures="0" timestamp="17 Dec 2020 09:59:03 GMT" skipped="0" hostname="IHL-8F1RYX1" errors="0">
  <testcase name="loginm" time="29.992" classname="in.amazon.tests.TestLogin"/>
  <testcase name="afterProductAdd" time="53.692" classname="in.amazon.tests.TestLogin"/>
  <testcase name="saveForLater" time="53.398" classname="in.amazon.tests.TestLogin"/>
</testsuite> <!-- in.amazon.tests.TestLogin -->
