<?xml version="1.0" encoding="UTF-8"?>
<!-- Generated by org.testng.reporters.JUnitReportReporter -->
<testsuite name="anotationtest.AnotationClass" tests="2" time="0.012" ignored="0" failures="0" timestamp="13 Oct 2020 16:25:32 GMT" skipped="0" hostname="IHL-8F1RYX1" errors="0">
  <testcase name="testCase1" time="0.010" classname="anotationtest.AnotationClass"/>
  <testcase name="testCase2" time="0.002" classname="anotationtest.AnotationClass"/>
</testsuite> <!-- anotationtest.AnotationClass -->
