<?xml version="1.0" encoding="UTF-8"?>
<!-- Generated by org.testng.reporters.JUnitReportReporter -->
<testsuite name="anotationtest.AnotationClass$ABC2" tests="1" time="0.003" ignored="0" failures="0" timestamp="13 Oct 2020 16:13:04 GMT" skipped="0" hostname="IHL-8F1RYX1" errors="0">
  <testcase name="test" time="0.003" classname="anotationtest.AnotationClass$ABC2"/>
</testsuite> <!-- anotationtest.AnotationClass$ABC2 -->
